<?xml version="1.0" encoding="UTF-8"?>
<testsuite name="AppTest" tests="1" skipped="0" failures="0" errors="0" timestamp="2025-06-08T19:37:32" hostname="tanmay-VirtualBox" time="0.024">
  <properties/>
  <testcase name="testAppHasAGreeting" classname="AppTest" time="0.024"/>
  <system-out><![CDATA[]]></system-out>
  <system-err><![CDATA[]]></system-err>
</testsuite>
